<?xml version="1.0" encoding="UTF-8"?>
<!-- Generated by org.testng.reporters.JUnitXMLReporter -->
<testsuite ignored="0" hostname="LAPTOP-NQFDV1V0" failures="0" tests="4" name="Selenium_Tutorials" time="0.043" errors="0" timestamp="2023-04-18T17:47:57 IST">
  <testcase classname="TestNg.ReportGeneration" name="reportTest1" time="0.004"/>
  <testcase classname="TestNg.ReportGeneration" name="reportTest2" time="0.001"/>
  <testcase classname="TestNg.ReportGeneration" name="reportTest3" time="0.0"/>
  <testcase classname="TestNg.ReportGeneration" name="reportTest4" time="0.0"/>
</testsuite> <!-- Selenium_Tutorials -->
